Index/location###5b21fee04cd72###2018-06-20 17:15:51###{"position":1,"city":"130100"}###null###null######null######{"code":1,"msg":"\u64cd\u4f5c\u6210\u529f","data":{"location":null,"city":false}}###{"position":1,"city":"130100"}###null###null###null###null
Index/location###5b21fee04cd72###2018-06-20 17:16:01###{"position":1,"city":"130100"}###null###null###v2.0###null######{"code":1,"msg":"\u64cd\u4f5c\u6210\u529f","data":{"location":null,"city":false}}###{"position":1,"city":"130100"}###null###null###null###null
Index/location###5b21fee04cd72###2018-06-20 17:17:29###{"position":1,"city":"130100"}###null###null######null######{"code":1,"msg":"\u64cd\u4f5c\u6210\u529f","data":{"location":null,"city":false}}###{"position":1,"city":"130100"}###null###null###null###null
Index/location###5b21fee04cd72###2018-06-20 17:17:49###{"userid":"2","position":"2","city":"130100"}###null###null######null######{"code":1,"msg":"\u64cd\u4f5c\u6210\u529f","data":{"location":null,"city":false}}###{"userid":"2","position":"2","city":"130100"}###null###null###null###null
Index/location###5b21fee04cd72###2018-06-20 17:18:30###{"lng":"114.511565","lat":"38.042804","position":1,"city":"130100"}###null###null######null######{"code":1,"msg":"\u64cd\u4f5c\u6210\u529f","data":{"location":null,"city":false}}###{"lng":"114.511565","lat":"38.042804","position":1,"city":"130100"}###null###null###null###null
Index/location###5b21fee04cd72###2018-06-20 17:18:42###{"lat":"114.511565","lng":"38.042804","position":1,"city":"130100"}###null###null######null######{"code":1,"msg":"\u64cd\u4f5c\u6210\u529f","data":{"location":"\u5317\u56fd\u5546\u57ce","city":"130100"}}###{"lat":"114.511565","lng":"38.042804","position":1,"city":"130100"}###null###null###null###null
Index/location###5b21fee04cd72###2018-06-20 17:21:19###{"lat":"114.511565","lng":"38.042804","position":1,"city":"130100"}###null###null######null######{"code":1,"msg":"\u64cd\u4f5c\u6210\u529f","data":{"location":null,"city":false}}###{"lat":"114.511565","lng":"38.042804","position":1,"city":"130100"}###null###null###null###null
Index/location###5b21fee04cd72###2018-06-20 17:21:28###{"lng":"114.511565","lat":"38.042804","position":1,"city":"130100"}###null###null######null######{"code":1,"msg":"\u64cd\u4f5c\u6210\u529f","data":{"location":"\u5317\u56fd\u5546\u57ce","city":"130100"}}###{"lng":"114.511565","lat":"38.042804","position":1,"city":"130100"}###null###null###null###null
Index/location###5b21fee04cd72###2018-06-20 17:22:24###{"position":1,"city":"130100"}###null###null###v2.0###null######{"code":1,"msg":"\u64cd\u4f5c\u6210\u529f","data":{"location":null,"city":false}}###{"position":1,"city":"130100"}###null###null###null###null
Index/location###5b21fee04cd72###2018-06-20 17:22:40###{"position":1,"city":"130100"}###null###null###v2.0###null######{"code":1,"msg":"\u64cd\u4f5c\u6210\u529f","data":{"location":null,"city":false}}###{"position":1,"city":"130100"}###null###null###null###null
Index/location###5b21fee04cd72###2018-06-20 17:22:58###{"position":1,"city":"130100"}###null###null######null######{"code":1,"msg":"\u64cd\u4f5c\u6210\u529f","data":{"location":null,"city":false}}###{"position":1,"city":"130100"}###null###null###null###null
Index/location###5b21fee04cd72###2018-06-20 17:23:21###{"lng":"114.511565","lat":"38.042804","position":1,"city":"130100"}###null###null######null######{"code":1,"msg":"\u64cd\u4f5c\u6210\u529f","data":{"location":"\u5317\u56fd\u5546\u57ce","city":"130100"}}###{"lng":"114.511565","lat":"38.042804","position":1,"city":"130100"}###null###null###null###null
Index/location###5b21fee04cd72###2018-06-20 17:24:44###{"lng":"114.5143","lat":"38.04276","position":1,"city":"130100"}###null###null######null######{"code":1,"msg":"\u64cd\u4f5c\u6210\u529f","data":{"location":"\u77f3\u5bb6\u5e84\u5e02\u653f\u5e9c","city":"130100"}}###{"lng":"114.5143","lat":"38.04276","position":1,"city":"130100"}###null###null###null###null
Index/location###5b21fee04cd72###2018-06-20 17:25:29###{"position":1,"city":"130100"}###null###null###v2.0###null######{"code":1,"msg":"\u64cd\u4f5c\u6210\u529f","data":{"location":null,"city":false}}###{"position":1,"city":"130100"}###null###null###null###null
Index/location###5b21fee04cd72###2018-06-20 17:26:43###{"lng":"114.5143","lat":"38.04276","position":1,"city":"130100"}###null###null######null######{"code":1,"msg":"\u64cd\u4f5c\u6210\u529f","data":{"location":"\u77f3\u5bb6\u5e84\u5e02\u653f\u5e9c","city":"130100"}}###{"lng":"114.5143","lat":"38.04276","position":1,"city":"130100"}###null###null###null###null
Index/location###5b21fee04cd72###2018-06-20 17:28:54###{"position":1,"city":"130100"}###null###null###v2.0###null######{"code":1,"msg":"\u64cd\u4f5c\u6210\u529f","data":{"location":null,"city":false},"debug":[null]}###{"position":1,"city":"130100"}###null###null###null###null
Index/location###5b21fee04cd72###2018-06-20 17:29:06###{"position":1,"city":"130100"}###null###null###v2.0###null######{"code":1,"msg":"\u64cd\u4f5c\u6210\u529f","data":{"location":null,"city":false},"debug":[""]}###{"position":1,"city":"130100"}###null###null###null###null
Index/location###5b21fee04cd72###2018-06-20 17:29:06###{"lng":"114.5143","lat":"38.04276","position":1,"city":"130100"}###null###null######null######{"code":1,"msg":"\u64cd\u4f5c\u6210\u529f","data":{"location":"\u77f3\u5bb6\u5e84\u5e02\u653f\u5e9c","city":"130100"},"debug":["114.514338.04276"]}###{"lng":"114.5143","lat":"38.04276","position":1,"city":"130100"}###null###null###null###null
Index/location###5b21fee04cd72###2018-06-20 17:29:25###{"position":1,"city":"130100"}###null###null###v2.0###null######{"code":1,"msg":"\u64cd\u4f5c\u6210\u529f","data":{"location":null,"city":false},"debug":["--"]}###{"position":1,"city":"130100"}###null###null###null###null
Index/location###5b21fee04cd72###2018-06-20 17:29:27###{"lng":"114.5143","lat":"38.04276","position":1,"city":"130100"}###null###null######null######{"code":1,"msg":"\u64cd\u4f5c\u6210\u529f","data":{"location":"\u77f3\u5bb6\u5e84\u5e02\u653f\u5e9c","city":"130100"},"debug":["114.5143--38.04276"]}###{"lng":"114.5143","lat":"38.04276","position":1,"city":"130100"}###null###null###null###null
Index/location###5b21fee04cd72###2018-06-20 17:29:33###{"position":1,"city":"130100"}###null###null###v2.0###null######{"code":1,"msg":"\u64cd\u4f5c\u6210\u529f","data":{"location":null,"city":false},"debug":["--"]}###{"position":1,"city":"130100"}###null###null###null###null
Index/location###5b21fee04cd72###2018-06-20 17:29:37###{"position":1,"city":"130100"}###null###null###v2.0###null######{"code":1,"msg":"\u64cd\u4f5c\u6210\u529f","data":{"location":null,"city":false},"debug":["--"]}###{"position":1,"city":"130100"}###null###null###null###null
Index/location###5b21fee04cd72###2018-06-20 17:29:44###{"position":1,"city":"130100"}###null###null###v2.0###null######{"code":1,"msg":"\u64cd\u4f5c\u6210\u529f","data":{"location":null,"city":false},"debug":["--"]}###{"position":1,"city":"130100"}###null###null###null###null
Index/location###5b21fee04cd72###2018-06-20 17:29:52###{"position":1,"city":"130100"}###null###null###v2.0###null######{"code":1,"msg":"\u64cd\u4f5c\u6210\u529f","data":{"location":null,"city":false},"debug":["--"]}###{"position":1,"city":"130100"}###null###null###null###null
Index/location###5b21fee04cd72###2018-06-20 17:30:12###{"lng":"114.5143","lat":"38.04276"}###null###null######null######{"code":1,"msg":"\u64cd\u4f5c\u6210\u529f","data":{"location":"\u77f3\u5bb6\u5e84\u5e02\u653f\u5e9c","city":"130100"},"debug":["114.5143--38.04276"]}###{"lng":"114.5143","lat":"38.04276"}###null###null###null###null
Index/location###5b21fee04cd72###2018-06-20 17:30:27###[]###null###null###v2.0###null######{"code":1,"msg":"\u64cd\u4f5c\u6210\u529f","data":{"location":null,"city":false},"debug":["--"]}###[]###null###null###null###null
Index/location###5b21fee04cd72###2018-06-20 17:36:46###{"lng":"114.5143","lat":"38.04276"}###null###null######null######{"code":1,"msg":"\u64cd\u4f5c\u6210\u529f","data":{"location":"\u77f3\u5bb6\u5e84\u5e02\u653f\u5e9c","city":"130100"},"debug":["114.5143--38.04276"]}###{"lng":"114.5143","lat":"38.04276"}###null###null###null###null
Index/location###5b21fee04cd72###2018-06-20 17:38:34###{"lng":"114.5143","lat":"38.04276"}###null###null######null######{"code":1,"msg":"\u64cd\u4f5c\u6210\u529f","data":{"location":"\u77f3\u5bb6\u5e84\u5e02\u653f\u5e9c","city":"130100"},"debug":["114.5143--38.04276"]}###{"lng":"114.5143","lat":"38.04276"}###null###null###null###null
Index/location###5b21fee04cd72###2018-06-20 17:39:35###{"lng":"114.5143","lat":"38.04276"}###null###null######null######{"code":1,"msg":"\u64cd\u4f5c\u6210\u529f","data":{"location":"\u77f3\u5bb6\u5e84\u5e02\u653f\u5e9c","city":"130100"},"debug":["114.5143--38.04276"]}###{"lng":"114.5143","lat":"38.04276"}###null###null###null###null
Index/location###5b21fee04cd72###2018-06-20 17:39:45###{"lng":"114.5143","lat":"38.04276"}###null###null######null######{"code":1,"msg":"\u64cd\u4f5c\u6210\u529f","data":{"location":"\u77f3\u5bb6\u5e84\u5e02\u653f\u5e9c","city":"130100"},"debug":["114.5143--38.04276"]}###{"lng":"114.5143","lat":"38.04276"}###null###null###null###null
Index/location###5b21fee04cd72###2018-06-20 17:40:11###{"lng":"114.5143","lat":"38.04276"}###null###null######null######{"code":1,"msg":"\u64cd\u4f5c\u6210\u529f","data":{"city":"130100"},"debug":["114.5143--38.04276"]}###{"lng":"114.5143","lat":"38.04276"}###null###null###null###null
Index/location###5b21fee04cd72###2018-06-20 17:43:55###[]###null###null###v2.0###null######{"code":1,"msg":"\u64cd\u4f5c\u6210\u529f","data":{"city":false},"debug":["--"]}###[]###null###null###null###null
Index/location###5b21fee04cd72###2018-06-20 17:44:01###{"lng":"114.5143","lat":"38.04276"}###null###null######null######{"code":1,"msg":"\u64cd\u4f5c\u6210\u529f","data":{"city":"130100"},"debug":["114.5143--38.04276"]}###{"lng":"114.5143","lat":"38.04276"}###null###null###null###null
Index/location###5b21fee04cd72###2018-06-20 17:44:03###[]###null###null###v2.0###null######{"code":1,"msg":"\u64cd\u4f5c\u6210\u529f","data":{"city":false},"debug":["--"]}###[]###null###null###null###null
Index/location###5b21fee04cd72###2018-06-20 17:45:18###{"lng":"114.5143","lat":"38.04276"}###null###null###v2.0###null######{"code":1,"msg":"\u64cd\u4f5c\u6210\u529f","data":{"city":"130100"},"debug":["114.5143--38.04276"]}###{"lng":"114.5143","lat":"38.04276"}###null###null###null###null
